Analysis & Synthesis report for MyProject
Tue Jun 20 19:30:18 2023
Quartus II 64-Bit Version 13.1.0 Build 162 10/23/2013 SJ Web Edition


---------------------
; Table of Contents ;
---------------------
  1. Legal Notice
  2. Analysis & Synthesis Summary
  3. Analysis & Synthesis Settings
  4. Parallel Compilation
  5. Analysis & Synthesis Source Files Read
  6. Analysis & Synthesis Resource Usage Summary
  7. Analysis & Synthesis Resource Utilization by Entity
  8. User-Specified and Inferred Latches
  9. General Register Statistics
 10. Parameter Settings for User Entity Instance: Top-level Entity: |vgatop
 11. Parameter Settings for User Entity Instance: clockdivider:u1
 12. Port Connectivity Checks: "clockdivider:u1"
 13. Elapsed Time Per Partition
 14. Analysis & Synthesis Messages



----------------
; Legal Notice ;
----------------
Copyright (C) 1991-2013 Altera Corporation
Your use of Altera Corporation's design tools, logic functions 
and other software and tools, and its AMPP partner logic 
functions, and any output files from any of the foregoing 
(including device programming or simulation files), and any 
associated documentation or information are expressly subject 
to the terms and conditions of the Altera Program License 
Subscription Agreement, Altera MegaCore Function License 
Agreement, or other applicable license agreement, including, 
without limitation, that your use is for the sole purpose of 
programming logic devices manufactured by Altera and sold by 
Altera or its authorized distributors.  Please refer to the 
applicable agreement for further details.



+------------------------------------------------------------------------------+
; Analysis & Synthesis Summary                                                 ;
+---------------------------------+--------------------------------------------+
; Analysis & Synthesis Status     ; Successful - Tue Jun 20 19:30:18 2023      ;
; Quartus II 64-Bit Version       ; 13.1.0 Build 162 10/23/2013 SJ Web Edition ;
; Revision Name                   ; MyProject                                  ;
; Top-level Entity Name           ; vgatop                                     ;
; Family                          ; Cyclone V                                  ;
; Logic utilization (in ALMs)     ; N/A                                        ;
; Total registers                 ; 34                                         ;
; Total pins                      ; 28                                         ;
; Total virtual pins              ; 0                                          ;
; Total block memory bits         ; 0                                          ;
; Total DSP Blocks                ; 0                                          ;
; Total HSSI RX PCSs              ; 0                                          ;
; Total HSSI PMA RX Deserializers ; 0                                          ;
; Total HSSI TX PCSs              ; 0                                          ;
; Total HSSI TX Channels          ; 0                                          ;
; Total PLLs                      ; 0                                          ;
; Total DLLs                      ; 0                                          ;
+---------------------------------+--------------------------------------------+


+---------------------------------------------------------------------------------------------------------------------------+
; Analysis & Synthesis Settings                                                                                             ;
+---------------------------------------------------------------------------------+--------------------+--------------------+
; Option                                                                          ; Setting            ; Default Value      ;
+---------------------------------------------------------------------------------+--------------------+--------------------+
; Device                                                                          ; 5CSEMA5F31C6       ;                    ;
; Top-level entity name                                                           ; vgatop             ; MyProject          ;
; Family name                                                                     ; Cyclone V          ; Cyclone IV GX      ;
; Use smart compilation                                                           ; Off                ; Off                ;
; Enable parallel Assembler and TimeQuest Timing Analyzer during compilation      ; On                 ; On                 ;
; Enable compact report table                                                     ; Off                ; Off                ;
; Restructure Multiplexers                                                        ; Auto               ; Auto               ;
; MLAB Add Timing Constraints For Mixed-Port Feed-Through Mode Setting Don't Care ; Off                ; Off                ;
; Create Debugging Nodes for IP Cores                                             ; Off                ; Off                ;
; Preserve fewer node names                                                       ; On                 ; On                 ;
; Disable OpenCore Plus hardware evaluation                                       ; Off                ; Off                ;
; Verilog Version                                                                 ; Verilog_2001       ; Verilog_2001       ;
; VHDL Version                                                                    ; VHDL_1993          ; VHDL_1993          ;
; State Machine Processing                                                        ; Auto               ; Auto               ;
; Safe State Machine                                                              ; Off                ; Off                ;
; Extract Verilog State Machines                                                  ; On                 ; On                 ;
; Extract VHDL State Machines                                                     ; On                 ; On                 ;
; Ignore Verilog initial constructs                                               ; Off                ; Off                ;
; Iteration limit for constant Verilog loops                                      ; 5000               ; 5000               ;
; Iteration limit for non-constant Verilog loops                                  ; 250                ; 250                ;
; Add Pass-Through Logic to Inferred RAMs                                         ; On                 ; On                 ;
; Infer RAMs from Raw Logic                                                       ; On                 ; On                 ;
; Parallel Synthesis                                                              ; On                 ; On                 ;
; DSP Block Balancing                                                             ; Auto               ; Auto               ;
; NOT Gate Push-Back                                                              ; On                 ; On                 ;
; Power-Up Don't Care                                                             ; On                 ; On                 ;
; Remove Redundant Logic Cells                                                    ; Off                ; Off                ;
; Remove Duplicate Registers                                                      ; On                 ; On                 ;
; Ignore CARRY Buffers                                                            ; Off                ; Off                ;
; Ignore CASCADE Buffers                                                          ; Off                ; Off                ;
; Ignore GLOBAL Buffers                                                           ; Off                ; Off                ;
; Ignore ROW GLOBAL Buffers                                                       ; Off                ; Off                ;
; Ignore LCELL Buffers                                                            ; Off                ; Off                ;
; Ignore SOFT Buffers                                                             ; On                 ; On                 ;
; Limit AHDL Integers to 32 Bits                                                  ; Off                ; Off                ;
; Optimization Technique                                                          ; Balanced           ; Balanced           ;
; Carry Chain Length                                                              ; 70                 ; 70                 ;
; Auto Carry Chains                                                               ; On                 ; On                 ;
; Auto Open-Drain Pins                                                            ; On                 ; On                 ;
; Perform WYSIWYG Primitive Resynthesis                                           ; Off                ; Off                ;
; Auto ROM Replacement                                                            ; On                 ; On                 ;
; Auto RAM Replacement                                                            ; On                 ; On                 ;
; Auto DSP Block Replacement                                                      ; On                 ; On                 ;
; Auto Shift Register Replacement                                                 ; Auto               ; Auto               ;
; Allow Shift Register Merging across Hierarchies                                 ; Auto               ; Auto               ;
; Auto Clock Enable Replacement                                                   ; On                 ; On                 ;
; Strict RAM Replacement                                                          ; Off                ; Off                ;
; Allow Synchronous Control Signals                                               ; On                 ; On                 ;
; Force Use of Synchronous Clear Signals                                          ; Off                ; Off                ;
; Auto Resource Sharing                                                           ; Off                ; Off                ;
; Allow Any RAM Size For Recognition                                              ; Off                ; Off                ;
; Allow Any ROM Size For Recognition                                              ; Off                ; Off                ;
; Allow Any Shift Register Size For Recognition                                   ; Off                ; Off                ;
; Use LogicLock Constraints during Resource Balancing                             ; On                 ; On                 ;
; Ignore translate_off and synthesis_off directives                               ; Off                ; Off                ;
; Timing-Driven Synthesis                                                         ; On                 ; On                 ;
; Report Parameter Settings                                                       ; On                 ; On                 ;
; Report Source Assignments                                                       ; On                 ; On                 ;
; Report Connectivity Checks                                                      ; On                 ; On                 ;
; Ignore Maximum Fan-Out Assignments                                              ; Off                ; Off                ;
; Synchronization Register Chain Length                                           ; 3                  ; 3                  ;
; PowerPlay Power Optimization                                                    ; Normal compilation ; Normal compilation ;
; HDL message level                                                               ; Level2             ; Level2             ;
; Suppress Register Optimization Related Messages                                 ; Off                ; Off                ;
; Number of Removed Registers Reported in Synthesis Report                        ; 5000               ; 5000               ;
; Number of Swept Nodes Reported in Synthesis Report                              ; 5000               ; 5000               ;
; Number of Inverted Registers Reported in Synthesis Report                       ; 100                ; 100                ;
; Clock MUX Protection                                                            ; On                 ; On                 ;
; Auto Gated Clock Conversion                                                     ; Off                ; Off                ;
; Block Design Naming                                                             ; Auto               ; Auto               ;
; SDC constraint protection                                                       ; Off                ; Off                ;
; Synthesis Effort                                                                ; Auto               ; Auto               ;
; Shift Register Replacement - Allow Asynchronous Clear Signal                    ; On                 ; On                 ;
; Pre-Mapping Resynthesis Optimization                                            ; Off                ; Off                ;
; Analysis & Synthesis Message Level                                              ; Medium             ; Medium             ;
; Disable Register Merging Across Hierarchies                                     ; Auto               ; Auto               ;
; Resource Aware Inference For Block RAM                                          ; On                 ; On                 ;
; Synthesis Seed                                                                  ; 1                  ; 1                  ;
; Automatic Parallel Synthesis                                                    ; On                 ; On                 ;
+---------------------------------------------------------------------------------+--------------------+--------------------+


Parallel compilation was disabled, but you have multiple processors available. Enable parallel compilation to reduce compilation time.
+-------------------------------------+
; Parallel Compilation                ;
+----------------------------+--------+
; Processors                 ; Number ;
+----------------------------+--------+
; Number detected on machine ; 8      ;
; Maximum allowed            ; 1      ;
+----------------------------+--------+


+-------------------------------------------------------------------------------------------------------------------------------------------------------------------------------------------+
; Analysis & Synthesis Source Files Read                                                                                                                                                    ;
+----------------------------------+-----------------+------------------------+---------------------------------------------------------------------------------------------------+---------+
; File Name with User-Entered Path ; Used in Netlist ; File Type              ; File Name with Absolute Path                                                                      ; Library ;
+----------------------------------+-----------------+------------------------+---------------------------------------------------------------------------------------------------+---------+
; fulltemplate.v                   ; yes             ; User Verilog HDL File  ; C:/Users/Levovo20x/Documents/GitHub/EE314-Term-Project/VGA_example/MyProject/fulltemplate.v       ;         ;
; clockdivider.v                   ; yes             ; User Verilog HDL File  ; C:/Users/Levovo20x/Documents/GitHub/EE314-Term-Project/VGA_example/MyProject/clockdivider.v       ;         ;
; horizontal_counter.v             ; yes             ; User Verilog HDL File  ; C:/Users/Levovo20x/Documents/GitHub/EE314-Term-Project/VGA_example/MyProject/horizontal_counter.v ;         ;
; vertical_counter.v               ; yes             ; User Verilog HDL File  ; C:/Users/Levovo20x/Documents/GitHub/EE314-Term-Project/VGA_example/MyProject/vertical_counter.v   ;         ;
; vgatop.v                         ; yes             ; User Verilog HDL File  ; C:/Users/Levovo20x/Documents/GitHub/EE314-Term-Project/VGA_example/MyProject/vgatop.v             ;         ;
+----------------------------------+-----------------+------------------------+---------------------------------------------------------------------------------------------------+---------+


+------------------------------------------------------------+
; Analysis & Synthesis Resource Usage Summary                ;
+---------------------------------------------+--------------+
; Resource                                    ; Usage        ;
+---------------------------------------------+--------------+
; Estimate of Logic utilization (ALMs needed) ; 588          ;
;                                             ;              ;
; Combinational ALUT usage for logic          ; 1012         ;
;     -- 7 input functions                    ; 18           ;
;     -- 6 input functions                    ; 145          ;
;     -- 5 input functions                    ; 264          ;
;     -- 4 input functions                    ; 291          ;
;     -- <=3 input functions                  ; 294          ;
;                                             ;              ;
; Dedicated logic registers                   ; 34           ;
;                                             ;              ;
; I/O pins                                    ; 28           ;
; Total DSP Blocks                            ; 0            ;
; Maximum fan-out node                        ; templatey[1] ;
; Maximum fan-out                             ; 195          ;
; Total fan-out                               ; 4401         ;
; Average fan-out                             ; 3.99         ;
+---------------------------------------------+--------------+


+---------------------------------------------------------------------------------------------------------------------------------------------------------------------+
; Analysis & Synthesis Resource Utilization by Entity                                                                                                                 ;
+----------------------------+-------------------+--------------+-------------------+------------+------+--------------+-------------------------------+--------------+
; Compilation Hierarchy Node ; LC Combinationals ; LC Registers ; Block Memory Bits ; DSP Blocks ; Pins ; Virtual Pins ; Full Hierarchy Name           ; Library Name ;
+----------------------------+-------------------+--------------+-------------------+------------+------+--------------+-------------------------------+--------------+
; |vgatop                    ; 1012 (85)         ; 34 (0)       ; 0                 ; 0          ; 28   ; 0            ; |vgatop                       ; work         ;
;    |clockdivider:u1|       ; 1 (1)             ; 1 (1)        ; 0                 ; 0          ; 0    ; 0            ; |vgatop|clockdivider:u1       ; work         ;
;    |fulltemplate:u4|       ; 888 (888)         ; 0 (0)        ; 0                 ; 0          ; 0    ; 0            ; |vgatop|fulltemplate:u4       ; work         ;
;    |horizontal_counter:u2| ; 20 (20)           ; 17 (17)      ; 0                 ; 0          ; 0    ; 0            ; |vgatop|horizontal_counter:u2 ; work         ;
;    |vertical_counter:u3|   ; 18 (18)           ; 16 (16)      ; 0                 ; 0          ; 0    ; 0            ; |vgatop|vertical_counter:u3   ; work         ;
+----------------------------+-------------------+--------------+-------------------+------------+------+--------------+-------------------------------+--------------+
Note: For table entries with two numbers listed, the numbers in parentheses indicate the number of resources of the given type used by the specific entity alone. The numbers listed outside of parentheses indicate the total resources of the given type used by the specific entity and all of its sub-entities in the hierarchy.


+----------------------------------------------------------------------------------------------------+
; User-Specified and Inferred Latches                                                                ;
+-----------------------------------------------------+---------------------+------------------------+
; Latch Name                                          ; Latch Enable Signal ; Free of Timing Hazards ;
+-----------------------------------------------------+---------------------+------------------------+
; templatey[9]                                        ; always0             ; yes                    ;
; templatey[8]                                        ; always0             ; yes                    ;
; templatey[7]                                        ; always0             ; yes                    ;
; templatey[6]                                        ; always0             ; yes                    ;
; templatey[5]                                        ; always0             ; yes                    ;
; templatey[4]                                        ; always0             ; yes                    ;
; templatey[3]                                        ; always0             ; yes                    ;
; templatey[2]                                        ; always0             ; yes                    ;
; templatey[1]                                        ; always0             ; yes                    ;
; templatey[0]                                        ; always0             ; yes                    ;
; templatey[10]                                       ; always0             ; yes                    ;
; Number of user-specified and inferred latches = 11  ;                     ;                        ;
+-----------------------------------------------------+---------------------+------------------------+
Note: All latches listed above may not be present at the end of synthesis due to various synthesis optimizations.


+------------------------------------------------------+
; General Register Statistics                          ;
+----------------------------------------------+-------+
; Statistic                                    ; Value ;
+----------------------------------------------+-------+
; Total registers                              ; 34    ;
; Number of registers using Synchronous Clear  ; 32    ;
; Number of registers using Synchronous Load   ; 0     ;
; Number of registers using Asynchronous Clear ; 0     ;
; Number of registers using Asynchronous Load  ; 0     ;
; Number of registers using Clock Enable       ; 16    ;
; Number of registers using Preset             ; 0     ;
+----------------------------------------------+-------+


+------------------------------------------------------------------------+
; Parameter Settings for User Entity Instance: Top-level Entity: |vgatop ;
+----------------+-------+-----------------------------------------------+
; Parameter Name ; Value ; Type                                          ;
+----------------+-------+-----------------------------------------------+
; H_FRONT_PORCH  ; 16    ; Signed Integer                                ;
; H_SYNC_WIDTH   ; 96    ; Signed Integer                                ;
; H_BACK_PORCH   ; 48    ; Signed Integer                                ;
; V_FRONT_PORCH  ; 10    ; Signed Integer                                ;
; V_SYNC_WIDTH   ; 2     ; Signed Integer                                ;
; V_BACK_PORCH   ; 33    ; Signed Integer                                ;
+----------------+-------+-----------------------------------------------+
Note: In order to hide this table in the UI and the text report file, please set the "Show Parameter Settings in Synthesis Report" option in "Analysis and Synthesis Settings -> More Settings" to "Off".


+--------------------------------------------------------------+
; Parameter Settings for User Entity Instance: clockdivider:u1 ;
+----------------+-----------+---------------------------------+
; Parameter Name ; Value     ; Type                            ;
+----------------+-----------+---------------------------------+
; div_value1     ; 0         ; Signed Integer                  ;
; div_value2     ; 150000000 ; Signed Integer                  ;
; div_value3     ; 25000     ; Signed Integer                  ;
+----------------+-----------+---------------------------------+
Note: In order to hide this table in the UI and the text report file, please set the "Show Parameter Settings in Synthesis Report" option in "Analysis and Synthesis Settings -> More Settings" to "Off".


+----------------------------------------------------------------------------------------------------------------------+
; Port Connectivity Checks: "clockdivider:u1"                                                                          ;
+------------+--------+----------+-------------------------------------------------------------------------------------+
; Port       ; Type   ; Severity ; Details                                                                             ;
+------------+--------+----------+-------------------------------------------------------------------------------------+
; clk3       ; Output ; Info     ; Connected to dangling logic. Logic that only feeds a dangling port will be removed. ;
; clk_bounce ; Output ; Info     ; Connected to dangling logic. Logic that only feeds a dangling port will be removed. ;
+------------+--------+----------+-------------------------------------------------------------------------------------+


+-------------------------------+
; Elapsed Time Per Partition    ;
+----------------+--------------+
; Partition Name ; Elapsed Time ;
+----------------+--------------+
; Top            ; 00:00:10     ;
+----------------+--------------+


+-------------------------------+
; Analysis & Synthesis Messages ;
+-------------------------------+
Info: *******************************************************************
Info: Running Quartus II 64-Bit Analysis & Synthesis
    Info: Version 13.1.0 Build 162 10/23/2013 SJ Web Edition
    Info: Processing started: Tue Jun 20 19:30:07 2023
Info: Command: quartus_map --read_settings_files=on --write_settings_files=off MyProject -c MyProject
Warning (20028): Parallel compilation is not licensed and has been disabled
Info (12021): Found 1 design units, including 1 entities, in source file fulltemplate.v
    Info (12023): Found entity 1: fulltemplate
Info (12021): Found 1 design units, including 1 entities, in source file clockdivider.v
    Info (12023): Found entity 1: clockdivider
Info (12021): Found 1 design units, including 1 entities, in source file horizontal_counter.v
    Info (12023): Found entity 1: horizontal_counter
Info (12021): Found 1 design units, including 1 entities, in source file vertical_counter.v
    Info (12023): Found entity 1: vertical_counter
Info (12021): Found 1 design units, including 1 entities, in source file vgatop.v
    Info (12023): Found entity 1: vgatop
Warning (10236): Verilog HDL Implicit Net warning at vgatop.v(20): created implicit net for "clk3"
Warning (10236): Verilog HDL Implicit Net warning at vgatop.v(20): created implicit net for "clk_bounce"
Warning (10236): Verilog HDL Implicit Net warning at vgatop.v(36): created implicit net for "BOX_1"
Info (12127): Elaborating entity "vgatop" for the top level hierarchy
Warning (10036): Verilog HDL or VHDL warning at vgatop.v(36): object "BOX_1" assigned a value but never read
Warning (10230): Verilog HDL assignment warning at vgatop.v(40): truncated value with size 32 to match size of target (11)
Warning (10235): Verilog HDL Always Construct warning at vgatop.v(41): variable "templatex" is read inside the Always Construct but isn't in the Always Construct's Event Control
Warning (10235): Verilog HDL Always Construct warning at vgatop.v(43): variable "templatex" is read inside the Always Construct but isn't in the Always Construct's Event Control
Warning (10240): Verilog HDL Always Construct warning at vgatop.v(38): inferring latch(es) for variable "templatey", which holds its previous value in one or more paths through the always construct
Warning (10240): Verilog HDL Always Construct warning at vgatop.v(38): inferring latch(es) for variable "greenT", which holds its previous value in one or more paths through the always construct
Info (10041): Inferred latch for "greenT" at vgatop.v(45)
Info (10041): Inferred latch for "templatey[0]" at vgatop.v(45)
Info (10041): Inferred latch for "templatey[1]" at vgatop.v(45)
Info (10041): Inferred latch for "templatey[2]" at vgatop.v(45)
Info (10041): Inferred latch for "templatey[3]" at vgatop.v(45)
Info (10041): Inferred latch for "templatey[4]" at vgatop.v(45)
Info (10041): Inferred latch for "templatey[5]" at vgatop.v(45)
Info (10041): Inferred latch for "templatey[6]" at vgatop.v(45)
Info (10041): Inferred latch for "templatey[7]" at vgatop.v(45)
Info (10041): Inferred latch for "templatey[8]" at vgatop.v(45)
Info (10041): Inferred latch for "templatey[9]" at vgatop.v(45)
Info (10041): Inferred latch for "templatey[10]" at vgatop.v(45)
Info (12128): Elaborating entity "clockdivider" for hierarchy "clockdivider:u1"
Info (12128): Elaborating entity "horizontal_counter" for hierarchy "horizontal_counter:u2"
Warning (10230): Verilog HDL assignment warning at horizontal_counter.v(9): truncated value with size 32 to match size of target (16)
Info (12128): Elaborating entity "vertical_counter" for hierarchy "vertical_counter:u3"
Warning (10230): Verilog HDL assignment warning at vertical_counter.v(9): truncated value with size 32 to match size of target (16)
Info (12128): Elaborating entity "fulltemplate" for hierarchy "fulltemplate:u4"
Warning (13012): Latch templatey[0] has unsafe behavior
    Warning (13013): Ports D and ENA on the latch are fed by the same signal vertical_counter:u3|v_count[0]
Warning (13024): Output pins are stuck at VCC or GND
    Warning (13410): Pin "green[0]" is stuck at GND
    Warning (13410): Pin "green[1]" is stuck at GND
    Warning (13410): Pin "green[2]" is stuck at GND
    Warning (13410): Pin "green[3]" is stuck at GND
    Warning (13410): Pin "green[4]" is stuck at GND
    Warning (13410): Pin "green[5]" is stuck at GND
    Warning (13410): Pin "green[6]" is stuck at GND
    Warning (13410): Pin "green[7]" is stuck at GND
Info (286030): Timing-Driven Synthesis is running
Info (16010): Generating hard_block partition "hard_block:auto_generated_inst"
    Info (16011): Adding 0 node(s), including 0 DDIO, 0 PLL, 0 transceiver and 0 LCELL
Info (21057): Implemented 1040 device resources after synthesis - the final resource count might be different
    Info (21058): Implemented 1 input pins
    Info (21059): Implemented 27 output pins
    Info (21061): Implemented 1012 logic cells
Info: Quartus II 64-Bit Analysis & Synthesis was successful. 0 errors, 23 warnings
    Info: Peak virtual memory: 4684 megabytes
    Info: Processing ended: Tue Jun 20 19:30:18 2023
    Info: Elapsed time: 00:00:11
    Info: Total CPU time (on all processors): 00:00:11


