Flow report for vga_rgb
Thu Jun 22 04:55:40 2023
Quartus II 64-Bit Version 13.1.0 Build 162 10/23/2013 SJ Web Edition


---------------------
; Table of Contents ;
---------------------
  1. Legal Notice
  2. Flow Summary
  3. Flow Settings
  4. Flow Non-Default Global Settings
  5. Flow Elapsed Time
  6. Flow OS Summary
  7. Flow Log
  8. Flow Messages
  9. Flow Suppressed Messages



----------------
; Legal Notice ;
----------------
Copyright (C) 1991-2013 Altera Corporation
Your use of Altera Corporation's design tools, logic functions 
and other software and tools, and its AMPP partner logic 
functions, and any output files from any of the foregoing 
(including device programming or simulation files), and any 
associated documentation or information are expressly subject 
to the terms and conditions of the Altera Program License 
Subscription Agreement, Altera MegaCore Function License 
Agreement, or other applicable license agreement, including, 
without limitation, that your use is for the sole purpose of 
programming logic devices manufactured by Altera and sold by 
Altera or its authorized distributors.  Please refer to the 
applicable agreement for further details.



+------------------------------------------------------------------------------+
; Flow Summary                                                                 ;
+---------------------------------+--------------------------------------------+
; Flow Status                     ; Successful - Thu Jun 22 04:55:40 2023      ;
; Quartus II 64-Bit Version       ; 13.1.0 Build 162 10/23/2013 SJ Web Edition ;
; Revision Name                   ; vga_rgb                                    ;
; Top-level Entity Name           ; main_vga_module                            ;
; Family                          ; Cyclone V                                  ;
; Device                          ; 5CSEMA5F31C6                               ;
; Timing Models                   ; Preliminary                                ;
; Logic utilization (in ALMs)     ; 10,413 / 32,070 ( 32 % )                   ;
; Total registers                 ; 31                                         ;
; Total pins                      ; 29 / 457 ( 6 % )                           ;
; Total virtual pins              ; 0                                          ;
; Total block memory bits         ; 0 / 4,065,280 ( 0 % )                      ;
; Total DSP Blocks                ; 51 / 87 ( 59 % )                           ;
; Total HSSI RX PCSs              ; 0                                          ;
; Total HSSI PMA RX Deserializers ; 0                                          ;
; Total HSSI TX PCSs              ; 0                                          ;
; Total HSSI TX Channels          ; 0                                          ;
; Total PLLs                      ; 0 / 6 ( 0 % )                              ;
; Total DLLs                      ; 0 / 4 ( 0 % )                              ;
+---------------------------------+--------------------------------------------+


+-----------------------------------------+
; Flow Settings                           ;
+-------------------+---------------------+
; Option            ; Setting             ;
+-------------------+---------------------+
; Start date & time ; 06/22/2023 04:50:52 ;
; Main task         ; Compilation         ;
; Revision Name     ; vga_rgb             ;
+-------------------+---------------------+


+--------------------------------------------------------------------------------------------------------------------------------------------------------------------------------------+
; Flow Non-Default Global Settings                                                                                                                                                     ;
+-------------------------------------+---------------------------------------------------------------------------------------------+---------------+-----------------+----------------+
; Assignment Name                     ; Value                                                                                       ; Default Value ; Entity Name     ; Section Id     ;
+-------------------------------------+---------------------------------------------------------------------------------------------+---------------+-----------------+----------------+
; COMPILER_SIGNATURE_ID               ; 150241222627911.168739865203232                                                             ; --            ; --              ; --             ;
; EDA_GENERATE_FUNCTIONAL_NETLIST     ; On                                                                                          ; --            ; --              ; eda_simulation ;
; EDA_NETLIST_WRITER_OUTPUT_DIR       ; C:/Users/Levovo20x/Documents/GitHub/EE314-Term-Project/VGA_example/VGA_rgb/simulation/qsim/ ; --            ; --              ; eda_simulation ;
; EDA_OUTPUT_DATA_FORMAT              ; Verilog Hdl                                                                                 ; --            ; --              ; eda_simulation ;
; EDA_SIMULATION_TOOL                 ; ModelSim-Altera (Verilog)                                                                   ; <None>        ; --              ; --             ;
; MAX_CORE_JUNCTION_TEMP              ; 85                                                                                          ; --            ; --              ; --             ;
; MIN_CORE_JUNCTION_TEMP              ; 0                                                                                           ; --            ; --              ; --             ;
; PARTITION_COLOR                     ; 16764057                                                                                    ; --            ; main_vga_module ; Top            ;
; PARTITION_FITTER_PRESERVATION_LEVEL ; PLACEMENT_AND_ROUTING                                                                       ; --            ; main_vga_module ; Top            ;
; PARTITION_NETLIST_TYPE              ; SOURCE                                                                                      ; --            ; main_vga_module ; Top            ;
; PROJECT_OUTPUT_DIRECTORY            ; output_files                                                                                ; --            ; --              ; --             ;
; TOP_LEVEL_ENTITY                    ; main_vga_module                                                                             ; vga_rgb       ; --              ; --             ;
+-------------------------------------+---------------------------------------------------------------------------------------------+---------------+-----------------+----------------+


+-------------------------------------------------------------------------------------------------------------------------------+
; Flow Elapsed Time                                                                                                             ;
+---------------------------+--------------+-------------------------+---------------------+------------------------------------+
; Module Name               ; Elapsed Time ; Average Processors Used ; Peak Virtual Memory ; Total CPU Time (on all processors) ;
+---------------------------+--------------+-------------------------+---------------------+------------------------------------+
; Analysis & Synthesis      ; 00:01:41     ; 1.0                     ; 4920 MB             ; 00:01:41                           ;
; Fitter                    ; 00:02:09     ; 1.0                     ; 5670 MB             ; 00:02:08                           ;
; Assembler                 ; 00:00:12     ; 1.0                     ; 4844 MB             ; 00:00:12                           ;
; TimeQuest Timing Analyzer ; 00:00:32     ; 1.0                     ; 5105 MB             ; 00:00:32                           ;
; EDA Netlist Writer        ; 00:00:05     ; 1.0                     ; 4741 MB             ; 00:00:05                           ;
; Total                     ; 00:04:39     ; --                      ; --                  ; 00:04:38                           ;
+---------------------------+--------------+-------------------------+---------------------+------------------------------------+


+----------------------------------------------------------------------------------------+
; Flow OS Summary                                                                        ;
+---------------------------+------------------+-----------+------------+----------------+
; Module Name               ; Machine Hostname ; OS Name   ; OS Version ; Processor type ;
+---------------------------+------------------+-----------+------------+----------------+
; Analysis & Synthesis      ; DESKTOP-EHPH9SP  ; Windows 7 ; 6.2        ; x86_64         ;
; Fitter                    ; DESKTOP-EHPH9SP  ; Windows 7 ; 6.2        ; x86_64         ;
; Assembler                 ; DESKTOP-EHPH9SP  ; Windows 7 ; 6.2        ; x86_64         ;
; TimeQuest Timing Analyzer ; DESKTOP-EHPH9SP  ; Windows 7 ; 6.2        ; x86_64         ;
; EDA Netlist Writer        ; DESKTOP-EHPH9SP  ; Windows 7 ; 6.2        ; x86_64         ;
+---------------------------+------------------+-----------+------------+----------------+


------------
; Flow Log ;
------------
quartus_map --read_settings_files=on --write_settings_files=off vga_rgb -c vga_rgb
quartus_fit --read_settings_files=off --write_settings_files=off vga_rgb -c vga_rgb
quartus_asm --read_settings_files=off --write_settings_files=off vga_rgb -c vga_rgb
quartus_sta vga_rgb -c vga_rgb
quartus_eda --read_settings_files=off --write_settings_files=off vga_rgb -c vga_rgb



