Analysis & Synthesis report for vga_rgb
Wed Jun 21 04:48:01 2023
Quartus II 64-Bit Version 13.1.0 Build 162 10/23/2013 SJ Web Edition


---------------------
; Table of Contents ;
---------------------
  1. Legal Notice
  2. Analysis & Synthesis Summary
  3. Analysis & Synthesis Settings
  4. Parallel Compilation
  5. Analysis & Synthesis Source Files Read
  6. Analysis & Synthesis Resource Usage Summary
  7. Analysis & Synthesis Resource Utilization by Entity
  8. Analysis & Synthesis DSP Block Usage Summary
  9. General Register Statistics
 10. Multiplexer Restructuring Statistics (Restructuring Performed)
 11. Parameter Settings for User Entity Instance: Top-level Entity: |main_vga_module
 12. Parameter Settings for User Entity Instance: horizontal_and_vertical_counter:instance_2
 13. Elapsed Time Per Partition
 14. Analysis & Synthesis Messages



----------------
; Legal Notice ;
----------------
Copyright (C) 1991-2013 Altera Corporation
Your use of Altera Corporation's design tools, logic functions 
and other software and tools, and its AMPP partner logic 
functions, and any output files from any of the foregoing 
(including device programming or simulation files), and any 
associated documentation or information are expressly subject 
to the terms and conditions of the Altera Program License 
Subscription Agreement, Altera MegaCore Function License 
Agreement, or other applicable license agreement, including, 
without limitation, that your use is for the sole purpose of 
programming logic devices manufactured by Altera and sold by 
Altera or its authorized distributors.  Please refer to the 
applicable agreement for further details.



+------------------------------------------------------------------------------+
; Analysis & Synthesis Summary                                                 ;
+---------------------------------+--------------------------------------------+
; Analysis & Synthesis Status     ; Successful - Wed Jun 21 04:48:01 2023      ;
; Quartus II 64-Bit Version       ; 13.1.0 Build 162 10/23/2013 SJ Web Edition ;
; Revision Name                   ; vga_rgb                                    ;
; Top-level Entity Name           ; main_vga_module                            ;
; Family                          ; Cyclone V                                  ;
; Logic utilization (in ALMs)     ; N/A                                        ;
; Total registers                 ; 23                                         ;
; Total pins                      ; 29                                         ;
; Total virtual pins              ; 0                                          ;
; Total block memory bits         ; 0                                          ;
; Total DSP Blocks                ; 1                                          ;
; Total HSSI RX PCSs              ; 0                                          ;
; Total HSSI PMA RX Deserializers ; 0                                          ;
; Total HSSI TX PCSs              ; 0                                          ;
; Total HSSI TX Channels          ; 0                                          ;
; Total PLLs                      ; 0                                          ;
; Total DLLs                      ; 0                                          ;
+---------------------------------+--------------------------------------------+


+---------------------------------------------------------------------------------------------------------------------------+
; Analysis & Synthesis Settings                                                                                             ;
+---------------------------------------------------------------------------------+--------------------+--------------------+
; Option                                                                          ; Setting            ; Default Value      ;
+---------------------------------------------------------------------------------+--------------------+--------------------+
; Device                                                                          ; 5CSEMA5F31C6       ;                    ;
; Top-level entity name                                                           ; main_vga_module    ; vga_rgb            ;
; Family name                                                                     ; Cyclone V          ; Cyclone IV GX      ;
; Use smart compilation                                                           ; Off                ; Off                ;
; Enable parallel Assembler and TimeQuest Timing Analyzer during compilation      ; On                 ; On                 ;
; Enable compact report table                                                     ; Off                ; Off                ;
; Restructure Multiplexers                                                        ; Auto               ; Auto               ;
; MLAB Add Timing Constraints For Mixed-Port Feed-Through Mode Setting Don't Care ; Off                ; Off                ;
; Create Debugging Nodes for IP Cores                                             ; Off                ; Off                ;
; Preserve fewer node names                                                       ; On                 ; On                 ;
; Disable OpenCore Plus hardware evaluation                                       ; Off                ; Off                ;
; Verilog Version                                                                 ; Verilog_2001       ; Verilog_2001       ;
; VHDL Version                                                                    ; VHDL_1993          ; VHDL_1993          ;
; State Machine Processing                                                        ; Auto               ; Auto               ;
; Safe State Machine                                                              ; Off                ; Off                ;
; Extract Verilog State Machines                                                  ; On                 ; On                 ;
; Extract VHDL State Machines                                                     ; On                 ; On                 ;
; Ignore Verilog initial constructs                                               ; Off                ; Off                ;
; Iteration limit for constant Verilog loops                                      ; 5000               ; 5000               ;
; Iteration limit for non-constant Verilog loops                                  ; 250                ; 250                ;
; Add Pass-Through Logic to Inferred RAMs                                         ; On                 ; On                 ;
; Infer RAMs from Raw Logic                                                       ; On                 ; On                 ;
; Parallel Synthesis                                                              ; On                 ; On                 ;
; DSP Block Balancing                                                             ; Auto               ; Auto               ;
; NOT Gate Push-Back                                                              ; On                 ; On                 ;
; Power-Up Don't Care                                                             ; On                 ; On                 ;
; Remove Redundant Logic Cells                                                    ; Off                ; Off                ;
; Remove Duplicate Registers                                                      ; On                 ; On                 ;
; Ignore CARRY Buffers                                                            ; Off                ; Off                ;
; Ignore CASCADE Buffers                                                          ; Off                ; Off                ;
; Ignore GLOBAL Buffers                                                           ; Off                ; Off                ;
; Ignore ROW GLOBAL Buffers                                                       ; Off                ; Off                ;
; Ignore LCELL Buffers                                                            ; Off                ; Off                ;
; Ignore SOFT Buffers                                                             ; On                 ; On                 ;
; Limit AHDL Integers to 32 Bits                                                  ; Off                ; Off                ;
; Optimization Technique                                                          ; Balanced           ; Balanced           ;
; Carry Chain Length                                                              ; 70                 ; 70                 ;
; Auto Carry Chains                                                               ; On                 ; On                 ;
; Auto Open-Drain Pins                                                            ; On                 ; On                 ;
; Perform WYSIWYG Primitive Resynthesis                                           ; Off                ; Off                ;
; Auto ROM Replacement                                                            ; On                 ; On                 ;
; Auto RAM Replacement                                                            ; On                 ; On                 ;
; Auto DSP Block Replacement                                                      ; On                 ; On                 ;
; Auto Shift Register Replacement                                                 ; Auto               ; Auto               ;
; Allow Shift Register Merging across Hierarchies                                 ; Auto               ; Auto               ;
; Auto Clock Enable Replacement                                                   ; On                 ; On                 ;
; Strict RAM Replacement                                                          ; Off                ; Off                ;
; Allow Synchronous Control Signals                                               ; On                 ; On                 ;
; Force Use of Synchronous Clear Signals                                          ; Off                ; Off                ;
; Auto Resource Sharing                                                           ; Off                ; Off                ;
; Allow Any RAM Size For Recognition                                              ; Off                ; Off                ;
; Allow Any ROM Size For Recognition                                              ; Off                ; Off                ;
; Allow Any Shift Register Size For Recognition                                   ; Off                ; Off                ;
; Use LogicLock Constraints during Resource Balancing                             ; On                 ; On                 ;
; Ignore translate_off and synthesis_off directives                               ; Off                ; Off                ;
; Timing-Driven Synthesis                                                         ; On                 ; On                 ;
; Report Parameter Settings                                                       ; On                 ; On                 ;
; Report Source Assignments                                                       ; On                 ; On                 ;
; Report Connectivity Checks                                                      ; On                 ; On                 ;
; Ignore Maximum Fan-Out Assignments                                              ; Off                ; Off                ;
; Synchronization Register Chain Length                                           ; 3                  ; 3                  ;
; PowerPlay Power Optimization                                                    ; Normal compilation ; Normal compilation ;
; HDL message level                                                               ; Level2             ; Level2             ;
; Suppress Register Optimization Related Messages                                 ; Off                ; Off                ;
; Number of Removed Registers Reported in Synthesis Report                        ; 5000               ; 5000               ;
; Number of Swept Nodes Reported in Synthesis Report                              ; 5000               ; 5000               ;
; Number of Inverted Registers Reported in Synthesis Report                       ; 100                ; 100                ;
; Clock MUX Protection                                                            ; On                 ; On                 ;
; Auto Gated Clock Conversion                                                     ; Off                ; Off                ;
; Block Design Naming                                                             ; Auto               ; Auto               ;
; SDC constraint protection                                                       ; Off                ; Off                ;
; Synthesis Effort                                                                ; Auto               ; Auto               ;
; Shift Register Replacement - Allow Asynchronous Clear Signal                    ; On                 ; On                 ;
; Pre-Mapping Resynthesis Optimization                                            ; Off                ; Off                ;
; Analysis & Synthesis Message Level                                              ; Medium             ; Medium             ;
; Disable Register Merging Across Hierarchies                                     ; Auto               ; Auto               ;
; Resource Aware Inference For Block RAM                                          ; On                 ; On                 ;
; Synthesis Seed                                                                  ; 1                  ; 1                  ;
; Automatic Parallel Synthesis                                                    ; On                 ; On                 ;
+---------------------------------------------------------------------------------+--------------------+--------------------+


Parallel compilation was disabled, but you have multiple processors available. Enable parallel compilation to reduce compilation time.
+-------------------------------------+
; Parallel Compilation                ;
+----------------------------+--------+
; Processors                 ; Number ;
+----------------------------+--------+
; Number detected on machine ; 8      ;
; Maximum allowed            ; 1      ;
+----------------------------+--------+


+-------------------------------------------------------------------------------------------------------------------------------------------------------------------------------------------------------+
; Analysis & Synthesis Source Files Read                                                                                                                                                                ;
+-----------------------------------+-----------------+------------------------+--------------------------------------------------------------------------------------------------------------+---------+
; File Name with User-Entered Path  ; Used in Netlist ; File Type              ; File Name with Absolute Path                                                                                 ; Library ;
+-----------------------------------+-----------------+------------------------+--------------------------------------------------------------------------------------------------------------+---------+
; clock_divider.v                   ; yes             ; User Verilog HDL File  ; C:/Users/Levovo20x/Documents/GitHub/EE314-Term-Project/VGA_example/VGA_rgb/clock_divider.v                   ;         ;
; horizontal_and_vertical_counter.v ; yes             ; User Verilog HDL File  ; C:/Users/Levovo20x/Documents/GitHub/EE314-Term-Project/VGA_example/VGA_rgb/horizontal_and_vertical_counter.v ;         ;
; main_vga_module.v                 ; yes             ; User Verilog HDL File  ; C:/Users/Levovo20x/Documents/GitHub/EE314-Term-Project/VGA_example/VGA_rgb/main_vga_module.v                 ;         ;
; rom_data_r.txt                    ; yes             ; Auto-Found File        ; C:/Users/Levovo20x/Documents/GitHub/EE314-Term-Project/VGA_example/VGA_rgb/rom_data_r.txt                    ;         ;
; rom_data_g.txt                    ; yes             ; Auto-Found File        ; C:/Users/Levovo20x/Documents/GitHub/EE314-Term-Project/VGA_example/VGA_rgb/rom_data_g.txt                    ;         ;
; rom_data_b.txt                    ; yes             ; Auto-Found File        ; C:/Users/Levovo20x/Documents/GitHub/EE314-Term-Project/VGA_example/VGA_rgb/rom_data_b.txt                    ;         ;
+-----------------------------------+-----------------+------------------------+--------------------------------------------------------------------------------------------------------------+---------+


+------------------------------------------------------+
; Analysis & Synthesis Resource Usage Summary          ;
+---------------------------------------------+--------+
; Resource                                    ; Usage  ;
+---------------------------------------------+--------+
; Estimate of Logic utilization (ALMs needed) ; 6498   ;
;                                             ;        ;
; Combinational ALUT usage for logic          ; 7453   ;
;     -- 7 input functions                    ; 1112   ;
;     -- 6 input functions                    ; 4430   ;
;     -- 5 input functions                    ; 814    ;
;     -- 4 input functions                    ; 716    ;
;     -- <=3 input functions                  ; 381    ;
;                                             ;        ;
; Dedicated logic registers                   ; 23     ;
;                                             ;        ;
; I/O pins                                    ; 29     ;
; Total DSP Blocks                            ; 1      ;
; Maximum fan-out node                        ; Add0~1 ;
; Maximum fan-out                             ; 4323   ;
; Total fan-out                               ; 42472  ;
; Average fan-out                             ; 5.64   ;
+---------------------------------------------+--------+


+------------------------------------------------------------------------------------------------------------------------------------------------------------------------------------------------------------------------+
; Analysis & Synthesis Resource Utilization by Entity                                                                                                                                                                    ;
+-------------------------------------------------+-------------------+--------------+-------------------+------------+------+--------------+-------------------------------------------------------------+--------------+
; Compilation Hierarchy Node                      ; LC Combinationals ; LC Registers ; Block Memory Bits ; DSP Blocks ; Pins ; Virtual Pins ; Full Hierarchy Name                                         ; Library Name ;
+-------------------------------------------------+-------------------+--------------+-------------------+------------+------+--------------+-------------------------------------------------------------+--------------+
; |main_vga_module                                ; 7453 (7421)       ; 23 (0)       ; 0                 ; 1          ; 29   ; 0            ; |main_vga_module                                            ; work         ;
;    |clock_divider:instance_1|                   ; 1 (1)             ; 1 (1)        ; 0                 ; 0          ; 0    ; 0            ; |main_vga_module|clock_divider:instance_1                   ; work         ;
;    |horizontal_and_vertical_counter:instance_2| ; 31 (31)           ; 22 (22)      ; 0                 ; 0          ; 0    ; 0            ; |main_vga_module|horizontal_and_vertical_counter:instance_2 ; work         ;
+-------------------------------------------------+-------------------+--------------+-------------------+------------+------+--------------+-------------------------------------------------------------+--------------+
Note: For table entries with two numbers listed, the numbers in parentheses indicate the number of resources of the given type used by the specific entity alone. The numbers listed outside of parentheses indicate the total resources of the given type used by the specific entity and all of its sub-entities in the hierarchy.


+-----------------------------------------------------------------------------+
; Analysis & Synthesis DSP Block Usage Summary                                ;
+---------------------+-------------+---------------------+-------------------+
; Statistic           ; Number Used ; Available per Block ; Maximum Available ;
+---------------------+-------------+---------------------+-------------------+
; Independent 18x18   ; 1           ; 2.00                ; --                ;
; DSP Block           ; 1           ; --                  ; --                ;
; DSP 18-bit Element  ; 1           ; 2.00                ; --                ;
; Unsigned Multiplier ; 1           ; --                  ; --                ;
+---------------------+-------------+---------------------+-------------------+


+------------------------------------------------------+
; General Register Statistics                          ;
+----------------------------------------------+-------+
; Statistic                                    ; Value ;
+----------------------------------------------+-------+
; Total registers                              ; 23    ;
; Number of registers using Synchronous Clear  ; 22    ;
; Number of registers using Synchronous Load   ; 0     ;
; Number of registers using Asynchronous Clear ; 0     ;
; Number of registers using Asynchronous Load  ; 0     ;
; Number of registers using Clock Enable       ; 11    ;
; Number of registers using Preset             ; 0     ;
+----------------------------------------------+-------+


+------------------------------------------------------------------------------------------------------------------------------------------+
; Multiplexer Restructuring Statistics (Restructuring Performed)                                                                           ;
+--------------------+-----------+---------------+----------------------+------------------------+------------+----------------------------+
; Multiplexer Inputs ; Bus Width ; Baseline Area ; Area if Restructured ; Saving if Restructured ; Registered ; Example Multiplexer Output ;
+--------------------+-----------+---------------+----------------------+------------------------+------------+----------------------------+
; 3:1                ; 9 bits    ; 18 LEs        ; 18 LEs               ; 0 LEs                  ; No         ; |main_vga_module|red_8bit  ;
+--------------------+-----------+---------------+----------------------+------------------------+------------+----------------------------+


+---------------------------------------------------------------------------------+
; Parameter Settings for User Entity Instance: Top-level Entity: |main_vga_module ;
+----------------+-------+--------------------------------------------------------+
; Parameter Name ; Value ; Type                                                   ;
+----------------+-------+--------------------------------------------------------+
; H_VISIBLE_AREA ; 640   ; Signed Integer                                         ;
; V_VISIBLE_AREA ; 480   ; Signed Integer                                         ;
+----------------+-------+--------------------------------------------------------+
Note: In order to hide this table in the UI and the text report file, please set the "Show Parameter Settings in Synthesis Report" option in "Analysis and Synthesis Settings -> More Settings" to "Off".


+-----------------------------------------------------------------------------------------+
; Parameter Settings for User Entity Instance: horizontal_and_vertical_counter:instance_2 ;
+-----------------+-------+---------------------------------------------------------------+
; Parameter Name  ; Value ; Type                                                          ;
+-----------------+-------+---------------------------------------------------------------+
; H_VISIBLE_AREA  ; 640   ; Signed Integer                                                ;
; H_FRONT_PORCH   ; 16    ; Signed Integer                                                ;
; H_SYNC_WIDTH    ; 96    ; Signed Integer                                                ;
; H_BACK_PORCH    ; 48    ; Signed Integer                                                ;
; H_ROW_LENGTH    ; 800   ; Signed Integer                                                ;
; V_VISIBLE_AREA  ; 480   ; Signed Integer                                                ;
; V_FRONT_PORCH   ; 10    ; Signed Integer                                                ;
; V_SYNC_WIDTH    ; 2     ; Signed Integer                                                ;
; V_BACK_PORCH    ; 33    ; Signed Integer                                                ;
; V_COLUMN_LENGTH ; 525   ; Signed Integer                                                ;
+-----------------+-------+---------------------------------------------------------------+
Note: In order to hide this table in the UI and the text report file, please set the "Show Parameter Settings in Synthesis Report" option in "Analysis and Synthesis Settings -> More Settings" to "Off".


+-------------------------------+
; Elapsed Time Per Partition    ;
+----------------+--------------+
; Partition Name ; Elapsed Time ;
+----------------+--------------+
; Top            ; 00:03:03     ;
+----------------+--------------+


+-------------------------------+
; Analysis & Synthesis Messages ;
+-------------------------------+
Info: *******************************************************************
Info: Running Quartus II 64-Bit Analysis & Synthesis
    Info: Version 13.1.0 Build 162 10/23/2013 SJ Web Edition
    Info: Processing started: Wed Jun 21 04:44:28 2023
Info: Command: quartus_map --read_settings_files=on --write_settings_files=off vga_rgb -c vga_rgb
Warning (20028): Parallel compilation is not licensed and has been disabled
Info (12021): Found 1 design units, including 1 entities, in source file clock_divider.v
    Info (12023): Found entity 1: clock_divider
Info (12021): Found 1 design units, including 1 entities, in source file horizontal_and_vertical_counter.v
    Info (12023): Found entity 1: horizontal_and_vertical_counter
Info (12021): Found 1 design units, including 1 entities, in source file main_vga_module.v
    Info (12023): Found entity 1: main_vga_module
Info (12127): Elaborating entity "main_vga_module" for the top level hierarchy
Warning (10230): Verilog HDL assignment warning at main_vga_module.v(45): truncated value with size 32 to match size of target (8)
Warning (10230): Verilog HDL assignment warning at main_vga_module.v(46): truncated value with size 32 to match size of target (8)
Warning (10230): Verilog HDL assignment warning at main_vga_module.v(47): truncated value with size 32 to match size of target (8)
Warning (10030): Net "rom_r.data_a" at main_vga_module.v(13) has no driver or initial value, using a default initial value '0'
Warning (10030): Net "rom_r.waddr_a" at main_vga_module.v(13) has no driver or initial value, using a default initial value '0'
Warning (10030): Net "rom_g.data_a" at main_vga_module.v(14) has no driver or initial value, using a default initial value '0'
Warning (10030): Net "rom_g.waddr_a" at main_vga_module.v(14) has no driver or initial value, using a default initial value '0'
Warning (10030): Net "rom_b.data_a" at main_vga_module.v(15) has no driver or initial value, using a default initial value '0'
Warning (10030): Net "rom_b.waddr_a" at main_vga_module.v(15) has no driver or initial value, using a default initial value '0'
Warning (10030): Net "rom_r.we_a" at main_vga_module.v(13) has no driver or initial value, using a default initial value '0'
Warning (10030): Net "rom_g.we_a" at main_vga_module.v(14) has no driver or initial value, using a default initial value '0'
Warning (10030): Net "rom_b.we_a" at main_vga_module.v(15) has no driver or initial value, using a default initial value '0'
Warning (10034): Output port "v_sync_led" at main_vga_module.v(10) has no driver
Info (12128): Elaborating entity "clock_divider" for hierarchy "clock_divider:instance_1"
Info (12128): Elaborating entity "horizontal_and_vertical_counter" for hierarchy "horizontal_and_vertical_counter:instance_2"
Warning (10230): Verilog HDL assignment warning at horizontal_and_vertical_counter.v(67): truncated value with size 32 to match size of target (11)
Warning (10230): Verilog HDL assignment warning at horizontal_and_vertical_counter.v(74): truncated value with size 32 to match size of target (11)
Info (276014): Found 3 instances of uninferred RAM logic
    Info (276007): RAM logic "rom_r" is uninferred due to asynchronous read logic
    Info (276007): RAM logic "rom_g" is uninferred due to asynchronous read logic
    Info (276007): RAM logic "rom_b" is uninferred due to asynchronous read logic
Critical Warning (127005): Memory depth (65536) in the design file differs from memory depth (50400) in the Memory Initialization File "C:/Users/Levovo20x/Documents/GitHub/EE314-Term-Project/VGA_example/VGA_rgb/db/vga_rgb.ram0_main_vga_module_e3f38872.hdl.mif" -- setting initial value for remaining addresses to 0
Critical Warning (127005): Memory depth (65536) in the design file differs from memory depth (50400) in the Memory Initialization File "C:/Users/Levovo20x/Documents/GitHub/EE314-Term-Project/VGA_example/VGA_rgb/db/vga_rgb.ram1_main_vga_module_e3f38872.hdl.mif" -- setting initial value for remaining addresses to 0
Critical Warning (127005): Memory depth (65536) in the design file differs from memory depth (50400) in the Memory Initialization File "C:/Users/Levovo20x/Documents/GitHub/EE314-Term-Project/VGA_example/VGA_rgb/db/vga_rgb.ram2_main_vga_module_e3f38872.hdl.mif" -- setting initial value for remaining addresses to 0
Warning (13024): Output pins are stuck at VCC or GND
    Warning (13410): Pin "v_sync_led" is stuck at GND
    Warning (13410): Pin "red_8bit[0]" is stuck at GND
    Warning (13410): Pin "red_8bit[1]" is stuck at GND
    Warning (13410): Pin "red_8bit[2]" is stuck at GND
    Warning (13410): Pin "red_8bit[3]" is stuck at GND
    Warning (13410): Pin "red_8bit[4]" is stuck at GND
    Warning (13410): Pin "green_8bit[0]" is stuck at GND
    Warning (13410): Pin "green_8bit[1]" is stuck at GND
    Warning (13410): Pin "green_8bit[2]" is stuck at GND
    Warning (13410): Pin "green_8bit[3]" is stuck at GND
    Warning (13410): Pin "green_8bit[4]" is stuck at GND
    Warning (13410): Pin "blue_8bit[0]" is stuck at GND
    Warning (13410): Pin "blue_8bit[1]" is stuck at GND
    Warning (13410): Pin "blue_8bit[2]" is stuck at GND
    Warning (13410): Pin "blue_8bit[3]" is stuck at GND
    Warning (13410): Pin "blue_8bit[4]" is stuck at GND
Info (286030): Timing-Driven Synthesis is running
Info (16010): Generating hard_block partition "hard_block:auto_generated_inst"
    Info (16011): Adding 0 node(s), including 0 DDIO, 0 PLL, 0 transceiver and 0 LCELL
Info (21057): Implemented 7483 device resources after synthesis - the final resource count might be different
    Info (21058): Implemented 1 input pins
    Info (21059): Implemented 28 output pins
    Info (21061): Implemented 7453 logic cells
    Info (21062): Implemented 1 DSP elements
Info: Quartus II 64-Bit Analysis & Synthesis was successful. 0 errors, 36 warnings
    Info: Peak virtual memory: 4789 megabytes
    Info: Processing ended: Wed Jun 21 04:48:01 2023
    Info: Elapsed time: 00:03:33
    Info: Total CPU time (on all processors): 00:03:32


