Analysis & Synthesis report for main_game_logic_module
Thu Jun 22 16:29:48 2023
Quartus II 64-Bit Version 13.1.0 Build 162 10/23/2013 SJ Web Edition


---------------------
; Table of Contents ;
---------------------
  1. Legal Notice
  2. Analysis & Synthesis Summary
  3. Analysis & Synthesis Settings
  4. Parallel Compilation
  5. Analysis & Synthesis Source Files Read
  6. Analysis & Synthesis Resource Usage Summary
  7. Analysis & Synthesis Resource Utilization by Entity
  8. State Machine - |main_game_logic_module|state_to_be_returned
  9. State Machine - |main_game_logic_module|state_now
 10. Registers Removed During Synthesis
 11. General Register Statistics
 12. Multiplexer Restructuring Statistics (Restructuring Performed)
 13. Parameter Settings for User Entity Instance: Top-level Entity: |main_game_logic_module
 14. Elapsed Time Per Partition
 15. Analysis & Synthesis Messages



----------------
; Legal Notice ;
----------------
Copyright (C) 1991-2013 Altera Corporation
Your use of Altera Corporation's design tools, logic functions 
and other software and tools, and its AMPP partner logic 
functions, and any output files from any of the foregoing 
(including device programming or simulation files), and any 
associated documentation or information are expressly subject 
to the terms and conditions of the Altera Program License 
Subscription Agreement, Altera MegaCore Function License 
Agreement, or other applicable license agreement, including, 
without limitation, that your use is for the sole purpose of 
programming logic devices manufactured by Altera and sold by 
Altera or its authorized distributors.  Please refer to the 
applicable agreement for further details.



+------------------------------------------------------------------------------+
; Analysis & Synthesis Summary                                                 ;
+---------------------------------+--------------------------------------------+
; Analysis & Synthesis Status     ; Successful - Thu Jun 22 16:29:48 2023      ;
; Quartus II 64-Bit Version       ; 13.1.0 Build 162 10/23/2013 SJ Web Edition ;
; Revision Name                   ; main_game_logic_module                     ;
; Top-level Entity Name           ; main_game_logic_module                     ;
; Family                          ; Cyclone V                                  ;
; Logic utilization (in ALMs)     ; N/A                                        ;
; Total registers                 ; 92                                         ;
; Total pins                      ; 62                                         ;
; Total virtual pins              ; 0                                          ;
; Total block memory bits         ; 0                                          ;
; Total DSP Blocks                ; 0                                          ;
; Total HSSI RX PCSs              ; 0                                          ;
; Total HSSI PMA RX Deserializers ; 0                                          ;
; Total HSSI TX PCSs              ; 0                                          ;
; Total HSSI TX Channels          ; 0                                          ;
; Total PLLs                      ; 0                                          ;
; Total DLLs                      ; 0                                          ;
+---------------------------------+--------------------------------------------+


+-----------------------------------------------------------------------------------------------------------------------------------+
; Analysis & Synthesis Settings                                                                                                     ;
+---------------------------------------------------------------------------------+------------------------+------------------------+
; Option                                                                          ; Setting                ; Default Value          ;
+---------------------------------------------------------------------------------+------------------------+------------------------+
; Device                                                                          ; 5CSEMA5F31C6           ;                        ;
; Top-level entity name                                                           ; main_game_logic_module ; main_game_logic_module ;
; Family name                                                                     ; Cyclone V              ; Cyclone IV GX          ;
; Use smart compilation                                                           ; Off                    ; Off                    ;
; Enable parallel Assembler and TimeQuest Timing Analyzer during compilation      ; On                     ; On                     ;
; Enable compact report table                                                     ; Off                    ; Off                    ;
; Restructure Multiplexers                                                        ; Auto                   ; Auto                   ;
; MLAB Add Timing Constraints For Mixed-Port Feed-Through Mode Setting Don't Care ; Off                    ; Off                    ;
; Create Debugging Nodes for IP Cores                                             ; Off                    ; Off                    ;
; Preserve fewer node names                                                       ; On                     ; On                     ;
; Disable OpenCore Plus hardware evaluation                                       ; Off                    ; Off                    ;
; Verilog Version                                                                 ; Verilog_2001           ; Verilog_2001           ;
; VHDL Version                                                                    ; VHDL_1993              ; VHDL_1993              ;
; State Machine Processing                                                        ; Auto                   ; Auto                   ;
; Safe State Machine                                                              ; Off                    ; Off                    ;
; Extract Verilog State Machines                                                  ; On                     ; On                     ;
; Extract VHDL State Machines                                                     ; On                     ; On                     ;
; Ignore Verilog initial constructs                                               ; Off                    ; Off                    ;
; Iteration limit for constant Verilog loops                                      ; 5000                   ; 5000                   ;
; Iteration limit for non-constant Verilog loops                                  ; 250                    ; 250                    ;
; Add Pass-Through Logic to Inferred RAMs                                         ; On                     ; On                     ;
; Infer RAMs from Raw Logic                                                       ; On                     ; On                     ;
; Parallel Synthesis                                                              ; On                     ; On                     ;
; DSP Block Balancing                                                             ; Auto                   ; Auto                   ;
; NOT Gate Push-Back                                                              ; On                     ; On                     ;
; Power-Up Don't Care                                                             ; On                     ; On                     ;
; Remove Redundant Logic Cells                                                    ; Off                    ; Off                    ;
; Remove Duplicate Registers                                                      ; On                     ; On                     ;
; Ignore CARRY Buffers                                                            ; Off                    ; Off                    ;
; Ignore CASCADE Buffers                                                          ; Off                    ; Off                    ;
; Ignore GLOBAL Buffers                                                           ; Off                    ; Off                    ;
; Ignore ROW GLOBAL Buffers                                                       ; Off                    ; Off                    ;
; Ignore LCELL Buffers                                                            ; Off                    ; Off                    ;
; Ignore SOFT Buffers                                                             ; On                     ; On                     ;
; Limit AHDL Integers to 32 Bits                                                  ; Off                    ; Off                    ;
; Optimization Technique                                                          ; Balanced               ; Balanced               ;
; Carry Chain Length                                                              ; 70                     ; 70                     ;
; Auto Carry Chains                                                               ; On                     ; On                     ;
; Auto Open-Drain Pins                                                            ; On                     ; On                     ;
; Perform WYSIWYG Primitive Resynthesis                                           ; Off                    ; Off                    ;
; Auto ROM Replacement                                                            ; On                     ; On                     ;
; Auto RAM Replacement                                                            ; On                     ; On                     ;
; Auto DSP Block Replacement                                                      ; On                     ; On                     ;
; Auto Shift Register Replacement                                                 ; Auto                   ; Auto                   ;
; Allow Shift Register Merging across Hierarchies                                 ; Auto                   ; Auto                   ;
; Auto Clock Enable Replacement                                                   ; On                     ; On                     ;
; Strict RAM Replacement                                                          ; Off                    ; Off                    ;
; Allow Synchronous Control Signals                                               ; On                     ; On                     ;
; Force Use of Synchronous Clear Signals                                          ; Off                    ; Off                    ;
; Auto Resource Sharing                                                           ; Off                    ; Off                    ;
; Allow Any RAM Size For Recognition                                              ; Off                    ; Off                    ;
; Allow Any ROM Size For Recognition                                              ; Off                    ; Off                    ;
; Allow Any Shift Register Size For Recognition                                   ; Off                    ; Off                    ;
; Use LogicLock Constraints during Resource Balancing                             ; On                     ; On                     ;
; Ignore translate_off and synthesis_off directives                               ; Off                    ; Off                    ;
; Timing-Driven Synthesis                                                         ; On                     ; On                     ;
; Report Parameter Settings                                                       ; On                     ; On                     ;
; Report Source Assignments                                                       ; On                     ; On                     ;
; Report Connectivity Checks                                                      ; On                     ; On                     ;
; Ignore Maximum Fan-Out Assignments                                              ; Off                    ; Off                    ;
; Synchronization Register Chain Length                                           ; 3                      ; 3                      ;
; PowerPlay Power Optimization                                                    ; Normal compilation     ; Normal compilation     ;
; HDL message level                                                               ; Level2                 ; Level2                 ;
; Suppress Register Optimization Related Messages                                 ; Off                    ; Off                    ;
; Number of Removed Registers Reported in Synthesis Report                        ; 5000                   ; 5000                   ;
; Number of Swept Nodes Reported in Synthesis Report                              ; 5000                   ; 5000                   ;
; Number of Inverted Registers Reported in Synthesis Report                       ; 100                    ; 100                    ;
; Clock MUX Protection                                                            ; On                     ; On                     ;
; Auto Gated Clock Conversion                                                     ; Off                    ; Off                    ;
; Block Design Naming                                                             ; Auto                   ; Auto                   ;
; SDC constraint protection                                                       ; Off                    ; Off                    ;
; Synthesis Effort                                                                ; Auto                   ; Auto                   ;
; Shift Register Replacement - Allow Asynchronous Clear Signal                    ; On                     ; On                     ;
; Pre-Mapping Resynthesis Optimization                                            ; Off                    ; Off                    ;
; Analysis & Synthesis Message Level                                              ; Medium                 ; Medium                 ;
; Disable Register Merging Across Hierarchies                                     ; Auto                   ; Auto                   ;
; Resource Aware Inference For Block RAM                                          ; On                     ; On                     ;
; Synthesis Seed                                                                  ; 1                      ; 1                      ;
; Automatic Parallel Synthesis                                                    ; On                     ; On                     ;
+---------------------------------------------------------------------------------+------------------------+------------------------+


Parallel compilation was disabled, but you have multiple processors available. Enable parallel compilation to reduce compilation time.
+-------------------------------------+
; Parallel Compilation                ;
+----------------------------+--------+
; Processors                 ; Number ;
+----------------------------+--------+
; Number detected on machine ; 8      ;
; Maximum allowed            ; 1      ;
+----------------------------+--------+


+----------------------------------------------------------------------------------------------------------------------------------------------------------------------------------------------+
; Analysis & Synthesis Source Files Read                                                                                                                                                       ;
+----------------------------------+-----------------+------------------------+------------------------------------------------------------------------------------------------------+---------+
; File Name with User-Entered Path ; Used in Netlist ; File Type              ; File Name with Absolute Path                                                                         ; Library ;
+----------------------------------+-----------------+------------------------+------------------------------------------------------------------------------------------------------+---------+
; main_game_logic_module.v         ; yes             ; User Verilog HDL File  ; C:/Users/Levovo20x/Documents/GitHub/EE314-Term-Project/Game Logic finalized/main_game_logic_module.v ;         ;
+----------------------------------+-----------------+------------------------+------------------------------------------------------------------------------------------------------+---------+


+-------------------------------------------------------------------------+
; Analysis & Synthesis Resource Usage Summary                             ;
+---------------------------------------------+---------------------------+
; Resource                                    ; Usage                     ;
+---------------------------------------------+---------------------------+
; Estimate of Logic utilization (ALMs needed) ; 102                       ;
;                                             ;                           ;
; Combinational ALUT usage for logic          ; 176                       ;
;     -- 7 input functions                    ; 2                         ;
;     -- 6 input functions                    ; 24                        ;
;     -- 5 input functions                    ; 18                        ;
;     -- 4 input functions                    ; 37                        ;
;     -- <=3 input functions                  ; 95                        ;
;                                             ;                           ;
; Dedicated logic registers                   ; 92                        ;
;                                             ;                           ;
; I/O pins                                    ; 62                        ;
; Total DSP Blocks                            ; 0                         ;
; Maximum fan-out node                        ; clock_builtin_50MHZ~input ;
; Maximum fan-out                             ; 92                        ;
; Total fan-out                               ; 991                       ;
; Average fan-out                             ; 2.53                      ;
+---------------------------------------------+---------------------------+


+---------------------------------------------------------------------------------------------------------------------------------------------------------------+
; Analysis & Synthesis Resource Utilization by Entity                                                                                                           ;
+----------------------------+-------------------+--------------+-------------------+------------+------+--------------+-------------------------+--------------+
; Compilation Hierarchy Node ; LC Combinationals ; LC Registers ; Block Memory Bits ; DSP Blocks ; Pins ; Virtual Pins ; Full Hierarchy Name     ; Library Name ;
+----------------------------+-------------------+--------------+-------------------+------------+------+--------------+-------------------------+--------------+
; |main_game_logic_module    ; 176 (176)         ; 92 (92)      ; 0                 ; 0          ; 62   ; 0            ; |main_game_logic_module ; work         ;
+----------------------------+-------------------+--------------+-------------------+------------+------+--------------+-------------------------+--------------+
Note: For table entries with two numbers listed, the numbers in parentheses indicate the number of resources of the given type used by the specific entity alone. The numbers listed outside of parentheses indicate the total resources of the given type used by the specific entity and all of its sub-entities in the hierarchy.


Encoding Type:  One-Hot
+----------------------------------------------------------------------------------------------------------------------------------------------------------------------------------------------------------------------------------------------------+
; State Machine - |main_game_logic_module|state_to_be_returned                                                                                                                                                                                       ;
+------------------------------------------------------+------------------------------------------------------+------------------------------------------------------+-----------------------------------------------+-------------------------------+
; Name                                                 ; state_to_be_returned.triangle_input_is_correct_state ; state_to_be_returned.triangle_input_formatting_state ; state_to_be_returned.triangle_inputting_state ; state_to_be_returned.00000000 ;
+------------------------------------------------------+------------------------------------------------------+------------------------------------------------------+-----------------------------------------------+-------------------------------+
; state_to_be_returned.00000000                        ; 0                                                    ; 0                                                    ; 0                                             ; 0                             ;
; state_to_be_returned.triangle_inputting_state        ; 0                                                    ; 0                                                    ; 1                                             ; 1                             ;
; state_to_be_returned.triangle_input_formatting_state ; 0                                                    ; 1                                                    ; 0                                             ; 1                             ;
; state_to_be_returned.triangle_input_is_correct_state ; 1                                                    ; 0                                                    ; 0                                             ; 1                             ;
+------------------------------------------------------+------------------------------------------------------+------------------------------------------------------+-----------------------------------------------+-------------------------------+


Encoding Type:  One-Hot
+--------------------------------------------------------------------------------------------------------------------------------------------------------------------------------------------------------------------------------------------------------------------------------------------------------------------------------------------------------------------------------------------------------+
; State Machine - |main_game_logic_module|state_now                                                                                                                                                                                                                                                                                                                                                      ;
+--------------------------------------------------+-----------------------------+--------------------------------------------------+----------------------+-------------------------------------------------+-----------------------------------------+-------------------------------------------+-------------------------------------------+------------------------------------+--------------------+
; Name                                             ; state_now.delay_state_300ms ; state_now.delay_error_state_with_blinking_1000ms ; state_now.test_state ; state_now.triangle_input_range_validation_state ; state_now.triangle_input_is_wrong_state ; state_now.triangle_input_is_correct_state ; state_now.triangle_input_formatting_state ; state_now.triangle_inputting_state ; state_now.00000000 ;
+--------------------------------------------------+-----------------------------+--------------------------------------------------+----------------------+-------------------------------------------------+-----------------------------------------+-------------------------------------------+-------------------------------------------+------------------------------------+--------------------+
; state_now.00000000                               ; 0                           ; 0                                                ; 0                    ; 0                                               ; 0                                       ; 0                                         ; 0                                         ; 0                                  ; 0                  ;
; state_now.triangle_inputting_state               ; 0                           ; 0                                                ; 0                    ; 0                                               ; 0                                       ; 0                                         ; 0                                         ; 1                                  ; 1                  ;
; state_now.triangle_input_formatting_state        ; 0                           ; 0                                                ; 0                    ; 0                                               ; 0                                       ; 0                                         ; 1                                         ; 0                                  ; 1                  ;
; state_now.triangle_input_is_correct_state        ; 0                           ; 0                                                ; 0                    ; 0                                               ; 0                                       ; 1                                         ; 0                                         ; 0                                  ; 1                  ;
; state_now.triangle_input_is_wrong_state          ; 0                           ; 0                                                ; 0                    ; 0                                               ; 1                                       ; 0                                         ; 0                                         ; 0                                  ; 1                  ;
; state_now.triangle_input_range_validation_state  ; 0                           ; 0                                                ; 0                    ; 1                                               ; 0                                       ; 0                                         ; 0                                         ; 0                                  ; 1                  ;
; state_now.test_state                             ; 0                           ; 0                                                ; 1                    ; 0                                               ; 0                                       ; 0                                         ; 0                                         ; 0                                  ; 1                  ;
; state_now.delay_error_state_with_blinking_1000ms ; 0                           ; 1                                                ; 0                    ; 0                                               ; 0                                       ; 0                                         ; 0                                         ; 0                                  ; 1                  ;
; state_now.delay_state_300ms                      ; 1                           ; 0                                                ; 0                    ; 0                                               ; 0                                       ; 0                                         ; 0                                         ; 0                                  ; 1                  ;
+--------------------------------------------------+-----------------------------+--------------------------------------------------+----------------------+-------------------------------------------------+-----------------------------------------+-------------------------------------------+-------------------------------------------+------------------------------------+--------------------+


+---------------------------------------------------------------------------------+
; Registers Removed During Synthesis                                              ;
+----------------------------------------+----------------------------------------+
; Register name                          ; Reason for Removal                     ;
+----------------------------------------+----------------------------------------+
; whose_turn[1]~reg0                     ; Stuck at GND due to stuck port data_in ;
; whose_turn[0]~reg0                     ; Stuck at GND due to stuck port data_in ;
; t_move_count_sig[3]~reg0               ; Stuck at GND due to stuck port data_in ;
; t_move_count_sig[2]~reg0               ; Stuck at GND due to stuck port data_in ;
; t_move_count_sig[1]~reg0               ; Stuck at GND due to stuck port data_in ;
; t_move_count_sig[0]~reg0               ; Stuck at GND due to stuck port data_in ;
; t_move_count_lst[3]~reg0               ; Stuck at GND due to stuck port data_in ;
; t_move_count_lst[2]~reg0               ; Stuck at GND due to stuck port data_in ;
; t_move_count_lst[1]~reg0               ; Stuck at GND due to stuck port data_in ;
; t_move_count_lst[0]~reg0               ; Stuck at GND due to stuck port data_in ;
; t_win_count_sig[3]~reg0                ; Stuck at GND due to stuck port data_in ;
; t_win_count_sig[2]~reg0                ; Stuck at GND due to stuck port data_in ;
; t_win_count_sig[1]~reg0                ; Stuck at GND due to stuck port data_in ;
; t_win_count_sig[0]~reg0                ; Stuck at GND due to stuck port data_in ;
; t_win_count_lst[3]~reg0                ; Stuck at GND due to stuck port data_in ;
; t_win_count_lst[2]~reg0                ; Stuck at GND due to stuck port data_in ;
; t_win_count_lst[1]~reg0                ; Stuck at GND due to stuck port data_in ;
; t_win_count_lst[0]~reg0                ; Stuck at GND due to stuck port data_in ;
; t_last_position_sig[3]~reg0            ; Stuck at GND due to stuck port data_in ;
; t_last_position_sig[2]~reg0            ; Stuck at GND due to stuck port data_in ;
; t_last_position_sig[1]~reg0            ; Stuck at GND due to stuck port data_in ;
; t_last_position_sig[0]~reg0            ; Stuck at GND due to stuck port data_in ;
; t_last_position_lst[3]~reg0            ; Stuck at GND due to stuck port data_in ;
; t_last_position_lst[2]~reg0            ; Stuck at GND due to stuck port data_in ;
; t_last_position_lst[1]~reg0            ; Stuck at GND due to stuck port data_in ;
; t_last_position_lst[0]~reg0            ; Stuck at GND due to stuck port data_in ;
; c_move_count_sig[3]~reg0               ; Stuck at GND due to stuck port data_in ;
; c_move_count_sig[2]~reg0               ; Stuck at GND due to stuck port data_in ;
; c_move_count_sig[1]~reg0               ; Stuck at GND due to stuck port data_in ;
; c_move_count_sig[0]~reg0               ; Stuck at GND due to stuck port data_in ;
; c_move_count_lst[3]~reg0               ; Stuck at GND due to stuck port data_in ;
; c_move_count_lst[2]~reg0               ; Stuck at GND due to stuck port data_in ;
; c_move_count_lst[1]~reg0               ; Stuck at GND due to stuck port data_in ;
; c_move_count_lst[0]~reg0               ; Stuck at GND due to stuck port data_in ;
; c_win_count_sig[3]~reg0                ; Stuck at GND due to stuck port data_in ;
; c_win_count_sig[2]~reg0                ; Stuck at GND due to stuck port data_in ;
; c_win_count_sig[1]~reg0                ; Stuck at GND due to stuck port data_in ;
; c_win_count_sig[0]~reg0                ; Stuck at GND due to stuck port data_in ;
; c_win_count_lst[3]~reg0                ; Stuck at GND due to stuck port data_in ;
; c_win_count_lst[2]~reg0                ; Stuck at GND due to stuck port data_in ;
; c_win_count_lst[1]~reg0                ; Stuck at GND due to stuck port data_in ;
; c_win_count_lst[0]~reg0                ; Stuck at GND due to stuck port data_in ;
; c_last_position_sig[3]~reg0            ; Stuck at GND due to stuck port data_in ;
; c_last_position_sig[2]~reg0            ; Stuck at GND due to stuck port data_in ;
; c_last_position_sig[1]~reg0            ; Stuck at GND due to stuck port data_in ;
; c_last_position_sig[0]~reg0            ; Stuck at GND due to stuck port data_in ;
; c_last_position_lst[3]~reg0            ; Stuck at GND due to stuck port data_in ;
; c_last_position_lst[2]~reg0            ; Stuck at GND due to stuck port data_in ;
; c_last_position_lst[1]~reg0            ; Stuck at GND due to stuck port data_in ;
; c_last_position_lst[0]~reg0            ; Stuck at GND due to stuck port data_in ;
; state_to_be_returned~2                 ; Lost fanout                            ;
; state_to_be_returned~3                 ; Lost fanout                            ;
; state_to_be_returned~4                 ; Lost fanout                            ;
; state_to_be_returned~5                 ; Lost fanout                            ;
; state_to_be_returned~6                 ; Lost fanout                            ;
; state_to_be_returned~7                 ; Lost fanout                            ;
; state_to_be_returned~8                 ; Lost fanout                            ;
; state_to_be_returned~9                 ; Lost fanout                            ;
; state_now~15                           ; Lost fanout                            ;
; state_now~16                           ; Lost fanout                            ;
; state_now~17                           ; Lost fanout                            ;
; state_now~18                           ; Lost fanout                            ;
; state_now~19                           ; Lost fanout                            ;
; state_now~20                           ; Lost fanout                            ;
; state_now~21                           ; Lost fanout                            ;
; state_now~22                           ; Lost fanout                            ;
; state_now.test_state                   ; Stuck at GND due to stuck port data_in ;
; Total Number of Removed Registers = 67 ;                                        ;
+----------------------------------------+----------------------------------------+


+------------------------------------------------------+
; General Register Statistics                          ;
+----------------------------------------------+-------+
; Statistic                                    ; Value ;
+----------------------------------------------+-------+
; Total registers                              ; 92    ;
; Number of registers using Synchronous Clear  ; 64    ;
; Number of registers using Synchronous Load   ; 0     ;
; Number of registers using Asynchronous Clear ; 0     ;
; Number of registers using Asynchronous Load  ; 0     ;
; Number of registers using Clock Enable       ; 83    ;
; Number of registers using Preset             ; 0     ;
+----------------------------------------------+-------+


+-------------------------------------------------------------------------------------------------------------------------------------------------------------------------------+
; Multiplexer Restructuring Statistics (Restructuring Performed)                                                                                                                ;
+--------------------+-----------+---------------+----------------------+------------------------+------------+-----------------------------------------------------------------+
; Multiplexer Inputs ; Bus Width ; Baseline Area ; Area if Restructured ; Saving if Restructured ; Registered ; Example Multiplexer Output                                      ;
+--------------------+-----------+---------------+----------------------+------------------------+------------+-----------------------------------------------------------------+
; 3:1                ; 8 bits    ; 16 LEs        ; 8 LEs                ; 8 LEs                  ; Yes        ; |main_game_logic_module|triangle_x[2]                           ;
; 4:1                ; 32 bits   ; 64 LEs        ; 0 LEs                ; 64 LEs                 ; Yes        ; |main_game_logic_module|delay_error_blinking_1000ms_counter[20] ;
; 7:1                ; 7 bits    ; 28 LEs        ; 14 LEs               ; 14 LEs                 ; Yes        ; |main_game_logic_module|in_shift_reg[1]~reg0                    ;
; 4:1                ; 2 bits    ; 4 LEs         ; 2 LEs                ; 2 LEs                  ; No         ; |main_game_logic_module|state_now                               ;
; 8:1                ; 3 bits    ; 15 LEs        ; 6 LEs                ; 9 LEs                  ; No         ; |main_game_logic_module|Selector0                               ;
; 8:1                ; 2 bits    ; 10 LEs        ; 8 LEs                ; 2 LEs                  ; No         ; |main_game_logic_module|Selector12                              ;
; 9:1                ; 2 bits    ; 12 LEs        ; 8 LEs                ; 4 LEs                  ; No         ; |main_game_logic_module|Selector10                              ;
+--------------------+-----------+---------------+----------------------+------------------------+------------+-----------------------------------------------------------------+


+----------------------------------------------------------------------------------------+
; Parameter Settings for User Entity Instance: Top-level Entity: |main_game_logic_module ;
+----------------------------------------+-------+---------------------------------------+
; Parameter Name                         ; Value ; Type                                  ;
+----------------------------------------+-------+---------------------------------------+
; setup_state                            ; 0     ; Signed Integer                        ;
; triangle_inputting_state               ; 1     ; Signed Integer                        ;
; triangle_input_formatting_state        ; 2     ; Signed Integer                        ;
; triangle_input_is_correct_state        ; 3     ; Signed Integer                        ;
; triangle_input_is_wrong_state          ; 60    ; Signed Integer                        ;
; triangle_input_range_validation_state  ; 61    ; Signed Integer                        ;
; delay_error_state_with_blinking_1000ms ; 254   ; Signed Integer                        ;
; delay_state_300ms                      ; 255   ; Signed Integer                        ;
; test_state                             ; 129   ; Signed Integer                        ;
; setup_status                           ; 0     ; Signed Integer                        ;
; triangle_is_inputing_status            ; 1     ; Signed Integer                        ;
; triangle_input_is_wrong                ; 2     ; Signed Integer                        ;
+----------------------------------------+-------+---------------------------------------+
Note: In order to hide this table in the UI and the text report file, please set the "Show Parameter Settings in Synthesis Report" option in "Analysis and Synthesis Settings -> More Settings" to "Off".


+-------------------------------+
; Elapsed Time Per Partition    ;
+----------------+--------------+
; Partition Name ; Elapsed Time ;
+----------------+--------------+
; Top            ; 00:00:00     ;
+----------------+--------------+


+-------------------------------+
; Analysis & Synthesis Messages ;
+-------------------------------+
Info: *******************************************************************
Info: Running Quartus II 64-Bit Analysis & Synthesis
    Info: Version 13.1.0 Build 162 10/23/2013 SJ Web Edition
    Info: Processing started: Thu Jun 22 16:29:47 2023
Info: Command: quartus_map --read_settings_files=on --write_settings_files=off game_logic -c main_game_logic_module
Warning (20028): Parallel compilation is not licensed and has been disabled
Info (12021): Found 1 design units, including 1 entities, in source file main_game_logic_module.v
    Info (12023): Found entity 1: main_game_logic_module
Info (12127): Elaborating entity "main_game_logic_module" for the top level hierarchy
Warning (10036): Verilog HDL or VHDL warning at main_game_logic_module.v(26): object "grid_data" assigned a value but never read
Warning (10036): Verilog HDL or VHDL warning at main_game_logic_module.v(28): object "game_status" assigned a value but never read
Warning (10230): Verilog HDL assignment warning at main_game_logic_module.v(56): truncated value with size 32 to match size of target (5)
Warning (10230): Verilog HDL assignment warning at main_game_logic_module.v(69): truncated value with size 32 to match size of target (5)
Warning (10230): Verilog HDL assignment warning at main_game_logic_module.v(143): truncated value with size 32 to match size of target (5)
Warning (10230): Verilog HDL assignment warning at main_game_logic_module.v(197): truncated value with size 32 to match size of target (5)
Warning (13024): Output pins are stuck at VCC or GND
    Warning (13410): Pin "whose_turn[0]" is stuck at GND
    Warning (13410): Pin "whose_turn[1]" is stuck at GND
    Warning (13410): Pin "t_move_count_sig[0]" is stuck at GND
    Warning (13410): Pin "t_move_count_sig[1]" is stuck at GND
    Warning (13410): Pin "t_move_count_sig[2]" is stuck at GND
    Warning (13410): Pin "t_move_count_sig[3]" is stuck at GND
    Warning (13410): Pin "t_move_count_lst[0]" is stuck at GND
    Warning (13410): Pin "t_move_count_lst[1]" is stuck at GND
    Warning (13410): Pin "t_move_count_lst[2]" is stuck at GND
    Warning (13410): Pin "t_move_count_lst[3]" is stuck at GND
    Warning (13410): Pin "t_win_count_sig[0]" is stuck at GND
    Warning (13410): Pin "t_win_count_sig[1]" is stuck at GND
    Warning (13410): Pin "t_win_count_sig[2]" is stuck at GND
    Warning (13410): Pin "t_win_count_sig[3]" is stuck at GND
    Warning (13410): Pin "t_win_count_lst[0]" is stuck at GND
    Warning (13410): Pin "t_win_count_lst[1]" is stuck at GND
    Warning (13410): Pin "t_win_count_lst[2]" is stuck at GND
    Warning (13410): Pin "t_win_count_lst[3]" is stuck at GND
    Warning (13410): Pin "t_last_position_sig[0]" is stuck at GND
    Warning (13410): Pin "t_last_position_sig[1]" is stuck at GND
    Warning (13410): Pin "t_last_position_sig[2]" is stuck at GND
    Warning (13410): Pin "t_last_position_sig[3]" is stuck at GND
    Warning (13410): Pin "t_last_position_lst[0]" is stuck at GND
    Warning (13410): Pin "t_last_position_lst[1]" is stuck at GND
    Warning (13410): Pin "t_last_position_lst[2]" is stuck at GND
    Warning (13410): Pin "t_last_position_lst[3]" is stuck at GND
    Warning (13410): Pin "c_move_count_sig[0]" is stuck at GND
    Warning (13410): Pin "c_move_count_sig[1]" is stuck at GND
    Warning (13410): Pin "c_move_count_sig[2]" is stuck at GND
    Warning (13410): Pin "c_move_count_sig[3]" is stuck at GND
    Warning (13410): Pin "c_move_count_lst[0]" is stuck at GND
    Warning (13410): Pin "c_move_count_lst[1]" is stuck at GND
    Warning (13410): Pin "c_move_count_lst[2]" is stuck at GND
    Warning (13410): Pin "c_move_count_lst[3]" is stuck at GND
    Warning (13410): Pin "c_win_count_sig[0]" is stuck at GND
    Warning (13410): Pin "c_win_count_sig[1]" is stuck at GND
    Warning (13410): Pin "c_win_count_sig[2]" is stuck at GND
    Warning (13410): Pin "c_win_count_sig[3]" is stuck at GND
    Warning (13410): Pin "c_win_count_lst[0]" is stuck at GND
    Warning (13410): Pin "c_win_count_lst[1]" is stuck at GND
    Warning (13410): Pin "c_win_count_lst[2]" is stuck at GND
    Warning (13410): Pin "c_win_count_lst[3]" is stuck at GND
    Warning (13410): Pin "c_last_position_sig[0]" is stuck at GND
    Warning (13410): Pin "c_last_position_sig[1]" is stuck at GND
    Warning (13410): Pin "c_last_position_sig[2]" is stuck at GND
    Warning (13410): Pin "c_last_position_sig[3]" is stuck at GND
    Warning (13410): Pin "c_last_position_lst[0]" is stuck at GND
    Warning (13410): Pin "c_last_position_lst[1]" is stuck at GND
    Warning (13410): Pin "c_last_position_lst[2]" is stuck at GND
    Warning (13410): Pin "c_last_position_lst[3]" is stuck at GND
Info (286030): Timing-Driven Synthesis is running
Info (17049): 16 registers lost all their fanouts during netlist optimizations.
Info (16010): Generating hard_block partition "hard_block:auto_generated_inst"
    Info (16011): Adding 0 node(s), including 0 DDIO, 0 PLL, 0 transceiver and 0 LCELL
Info (21057): Implemented 240 device resources after synthesis - the final resource count might be different
    Info (21058): Implemented 4 input pins
    Info (21059): Implemented 58 output pins
    Info (21061): Implemented 178 logic cells
Info: Quartus II 64-Bit Analysis & Synthesis was successful. 0 errors, 58 warnings
    Info: Peak virtual memory: 4679 megabytes
    Info: Processing ended: Thu Jun 22 16:29:48 2023
    Info: Elapsed time: 00:00:01
    Info: Total CPU time (on all processors): 00:00:01


